<?xml version="1.0" encoding="UTF-8"?>
<!-- Generated by org.testng.reporters.JUnitReportReporter -->
<testsuite hostname="ROHITH" failures="0" tests="1" name="tests.UpdateProfileTest" time="43.242" errors="0" timestamp="2025-10-24T19:11:52 IST" skipped="0">
  <testcase classname="tests.UpdateProfileTest" name="updateHeadlineAndSearch" time="43.242"/>
</testsuite> <!-- tests.UpdateProfileTest -->
