<?xml version="1.0" encoding="UTF-8"?>
<!-- Generated by org.testng.reporters.JUnitReportReporter -->
<testsuite hostname="ROHITH" failures="0" tests="1" name="tests.UpdateProfileTest" time="49.994" errors="0" timestamp="2025-07-12T01:51:08 IST" skipped="0">
  <testcase classname="tests.UpdateProfileTest" name="updateHeadlineAndSearch" time="49.994"/>
</testsuite> <!-- tests.UpdateProfileTest -->
